<?xml version="1.0" encoding="UTF-8"?>
  <testsuite tests="1" failures="0" time="10.293671134">
      <testcase name="Extract Docker Label Adding Annotaions in Deployment When docker image contains labels Should add annotations" classname="Pack Server E2E Suite" time="8.833873905"></testcase>
      <testcase name="Extract Docker Label Adding Annotaions in Deployment When docker image doesn&#39;t contain any labels Shouldn&#39;t add annotations" classname="Pack Server E2E Suite" time="0">
          <skipped></skipped>
      </testcase>
      <testcase name="Extract Docker Label Adding Annotaions in Deployment When docker images aren&#39;t found with the provided secrets Shouldn&#39;t found images" classname="Pack Server E2E Suite" time="0">
          <skipped></skipped>
      </testcase>
      <testcase name="Extract Docker Label Adding Annotaions in ReplicationController When docker image contains labels Should add annotations" classname="Pack Server E2E Suite" time="0">
          <skipped></skipped>
      </testcase>
      <testcase name="Extract Docker Label Adding Annotaions in ReplicationController When docker image doesn&#39;t contain any labels Shouldn&#39;t add annotations" classname="Pack Server E2E Suite" time="0">
          <skipped></skipped>
      </testcase>
      <testcase name="Extract Docker Label Adding Annotaions in ReplicationController When docker images aren&#39;t found with the provided secrets Shouldn&#39;t found images" classname="Pack Server E2E Suite" time="0">
          <skipped></skipped>
      </testcase>
      <testcase name="Extract Docker Label Adding Annotaions in ReplicaSet When docker image contains labels Should add annotations" classname="Pack Server E2E Suite" time="0">
          <skipped></skipped>
      </testcase>
      <testcase name="Extract Docker Label Adding Annotaions in ReplicaSet When docker image doesn&#39;t contain any labels Shouldn&#39;t add annotations" classname="Pack Server E2E Suite" time="0">
          <skipped></skipped>
      </testcase>
      <testcase name="Extract Docker Label Adding Annotaions in ReplicaSet When docker images aren&#39;t found with the provided secrets Shouldn&#39;t found images" classname="Pack Server E2E Suite" time="0">
          <skipped></skipped>
      </testcase>
      <testcase name="Extract Docker Label Adding Annotaions in DaemonSet When docker image contains labels Should add annotations" classname="Pack Server E2E Suite" time="0">
          <skipped></skipped>
      </testcase>
      <testcase name="Extract Docker Label Adding Annotaions in DaemonSet When docker image doesn&#39;t contain any labels Shouldn&#39;t add annotations" classname="Pack Server E2E Suite" time="0">
          <skipped></skipped>
      </testcase>
      <testcase name="Extract Docker Label Adding Annotaions in DaemonSet When docker images aren&#39;t found with the provided secrets Shouldn&#39;t found images" classname="Pack Server E2E Suite" time="0">
          <skipped></skipped>
      </testcase>
      <testcase name="Extract Docker Label Adding Annotaions in Job When docker image contains labels Should add annotations" classname="Pack Server E2E Suite" time="0">
          <skipped></skipped>
      </testcase>
      <testcase name="Extract Docker Label Adding Annotaions in Job When docker image doesn&#39;t contain any labels Shouldn&#39;t add annotations" classname="Pack Server E2E Suite" time="0">
          <skipped></skipped>
      </testcase>
      <testcase name="Extract Docker Label Adding Annotaions in Job When docker images aren&#39;t found with the provided secrets Shouldn&#39;t found images" classname="Pack Server E2E Suite" time="0">
          <skipped></skipped>
      </testcase>
      <testcase name="Extract Docker Label Adding Annotaions in StatefulSet When docker image contains labels Should add annotations" classname="Pack Server E2E Suite" time="0">
          <skipped></skipped>
      </testcase>
      <testcase name="Extract Docker Label Adding Annotaions in StatefulSet When docker image doesn&#39;t contain any labels Shouldn&#39;t add annotations" classname="Pack Server E2E Suite" time="0">
          <skipped></skipped>
      </testcase>
      <testcase name="Extract Docker Label Adding Annotaions in StatefulSet When docker images aren&#39;t found with the provided secrets Shouldn&#39;t found images" classname="Pack Server E2E Suite" time="0">
          <skipped></skipped>
      </testcase>
  </testsuite>